{"E:\\2294014\\url-shortener\\src\\config\\constants.js": {"path":"E:\\2294014\\url-shortener\\src\\config\\constants.js","statementMap":{"0":{"start":{"line":1,"column":0},"end":{"line":7,"column":4}}},"fnMap":{},"branchMap":{},"s":{"0":1},"f":{},"b":{},"_coverageSchema":"1a1c01bbd47fc00a2c39e90264f33305004495a9","hash":"21441bb9828e7755d472fd42c11a72c7b9ba5a2c"}
,"E:\\2294014\\url-shortener\\src\\controllers\\shorturl.js": {"path":"E:\\2294014\\url-shortener\\src\\controllers\\shorturl.js","statementMap":{"0":{"start":{"line":1,"column":12},"end":{"line":1,"column":36}},"1":{"start":{"line":2,"column":30},"end":{"line":2,"column":59}},"2":{"start":{"line":3,"column":16},"end":{"line":3,"column":42}},"3":{"start":{"line":6,"column":44},"end":{"line":6,"column":48}},"4":{"start":{"line":9,"column":2},"end":{"line":15,"column":3}},"5":{"start":{"line":10,"column":21},"end":{"line":10,"column":53}},"6":{"start":{"line":11,"column":4},"end":{"line":14,"column":5}},"7":{"start":{"line":12,"column":6},"end":{"line":12,"column":82}},"8":{"start":{"line":13,"column":6},"end":{"line":13,"column":50}},"9":{"start":{"line":17,"column":15},"end":{"line":17,"column":59}},"10":{"start":{"line":18,"column":17},"end":{"line":18,"column":56}},"11":{"start":{"line":20,"column":17},"end":{"line":25,"column":4}},"12":{"start":{"line":27,"column":2},"end":{"line":27,"column":22}},"13":{"start":{"line":29,"column":2},"end":{"line":32,"column":4}},"14":{"start":{"line":36,"column":14},"end":{"line":36,"column":46}},"15":{"start":{"line":38,"column":2},"end":{"line":41,"column":3}},"16":{"start":{"line":39,"column":4},"end":{"line":39,"column":76}},"17":{"start":{"line":40,"column":4},"end":{"line":40,"column":43}},"18":{"start":{"line":43,"column":2},"end":{"line":46,"column":3}},"19":{"start":{"line":44,"column":4},"end":{"line":44,"column":82}},"20":{"start":{"line":45,"column":4},"end":{"line":45,"column":45}},"21":{"start":{"line":49,"column":2},"end":{"line":49,"column":23}},"22":{"start":{"line":50,"column":2},"end":{"line":50,"column":32}},"23":{"start":{"line":51,"column":2},"end":{"line":51,"column":19}},"24":{"start":{"line":53,"column":2},"end":{"line":53,"column":13}},"25":{"start":{"line":57,"column":14},"end":{"line":57,"column":46}},"26":{"start":{"line":59,"column":2},"end":{"line":62,"column":3}},"27":{"start":{"line":60,"column":4},"end":{"line":60,"column":99}},"28":{"start":{"line":61,"column":4},"end":{"line":61,"column":43}},"29":{"start":{"line":64,"column":2},"end":{"line":71,"column":4}},"30":{"start":{"line":76,"column":17},"end":{"line":76,"column":18}},"31":{"start":{"line":78,"column":2},"end":{"line":85,"column":50}},"32":{"start":{"line":79,"column":4},"end":{"line":79,"column":31}},"33":{"start":{"line":80,"column":4},"end":{"line":80,"column":15}},"34":{"start":{"line":81,"column":4},"end":{"line":84,"column":5}},"35":{"start":{"line":82,"column":6},"end":{"line":82,"column":97}},"36":{"start":{"line":83,"column":6},"end":{"line":83,"column":61}},"37":{"start":{"line":87,"column":2},"end":{"line":87,"column":14}},"38":{"start":{"line":90,"column":0},"end":{"line":90,"column":64}}},"fnMap":{"0":{"name":"createShortUrl","decl":{"start":{"line":5,"column":15},"end":{"line":5,"column":29}},"loc":{"start":{"line":5,"column":36},"end":{"line":33,"column":1}},"line":5},"1":{"name":"redirectToUrl","decl":{"start":{"line":35,"column":15},"end":{"line":35,"column":28}},"loc":{"start":{"line":35,"column":40},"end":{"line":54,"column":1}},"line":35},"2":{"name":"getUrlStats","decl":{"start":{"line":56,"column":15},"end":{"line":56,"column":26}},"loc":{"start":{"line":56,"column":38},"end":{"line":72,"column":1}},"line":56},"3":{"name":"generateUniqueShortCode","decl":{"start":{"line":74,"column":15},"end":{"line":74,"column":38}},"loc":{"start":{"line":74,"column":41},"end":{"line":88,"column":1}},"line":74}},"branchMap":{"0":{"loc":{"start":{"line":6,"column":15},"end":{"line":6,"column":28}},"type":"default-arg","locations":[{"start":{"line":6,"column":26},"end":{"line":6,"column":28}}],"line":6},"1":{"loc":{"start":{"line":9,"column":2},"end":{"line":15,"column":3}},"type":"if","locations":[{"start":{"line":9,"column":2},"end":{"line":15,"column":3}},{"start":{},"end":{}}],"line":9},"2":{"loc":{"start":{"line":11,"column":4},"end":{"line":14,"column":5}},"type":"if","locations":[{"start":{"line":11,"column":4},"end":{"line":14,"column":5}},{"start":{},"end":{}}],"line":11},"3":{"loc":{"start":{"line":17,"column":15},"end":{"line":17,"column":59}},"type":"binary-expr","locations":[{"start":{"line":17,"column":15},"end":{"line":17,"column":24}},{"start":{"line":17,"column":28},"end":{"line":17,"column":59}}],"line":17},"4":{"loc":{"start":{"line":30,"column":18},"end":{"line":30,"column":65}},"type":"binary-expr","locations":[{"start":{"line":30,"column":18},"end":{"line":30,"column":38}},{"start":{"line":30,"column":42},"end":{"line":30,"column":65}}],"line":30},"5":{"loc":{"start":{"line":38,"column":2},"end":{"line":41,"column":3}},"type":"if","locations":[{"start":{"line":38,"column":2},"end":{"line":41,"column":3}},{"start":{},"end":{}}],"line":38},"6":{"loc":{"start":{"line":43,"column":2},"end":{"line":46,"column":3}},"type":"if","locations":[{"start":{"line":43,"column":2},"end":{"line":46,"column":3}},{"start":{},"end":{}}],"line":43},"7":{"loc":{"start":{"line":59,"column":2},"end":{"line":62,"column":3}},"type":"if","locations":[{"start":{"line":59,"column":2},"end":{"line":62,"column":3}},{"start":{},"end":{}}],"line":59},"8":{"loc":{"start":{"line":66,"column":18},"end":{"line":66,"column":65}},"type":"binary-expr","locations":[{"start":{"line":66,"column":18},"end":{"line":66,"column":38}},{"start":{"line":66,"column":42},"end":{"line":66,"column":65}}],"line":66},"9":{"loc":{"start":{"line":81,"column":4},"end":{"line":84,"column":5}},"type":"if","locations":[{"start":{"line":81,"column":4},"end":{"line":84,"column":5}},{"start":{},"end":{}}],"line":81}},"s":{"0":0,"1":0,"2":0,"3":0,"4":0,"5":0,"6":0,"7":0,"8":0,"9":0,"10":0,"11":0,"12":0,"13":0,"14":0,"15":0,"16":0,"17":0,"18":0,"19":0,"20":0,"21":0,"22":0,"23":0,"24":0,"25":0,"26":0,"27":0,"28":0,"29":0,"30":0,"31":0,"32":0,"33":0,"34":0,"35":0,"36":0,"37":0,"38":0},"f":{"0":0,"1":0,"2":0,"3":0},"b":{"0":[0],"1":[0,0],"2":[0,0],"3":[0,0],"4":[0,0],"5":[0,0],"6":[0,0],"7":[0,0],"8":[0,0],"9":[0,0]}}
,"E:\\2294014\\url-shortener\\src\\middlewares\\validation.js": {"path":"E:\\2294014\\url-shortener\\src\\middlewares\\validation.js","statementMap":{"0":{"start":{"line":1,"column":16},"end":{"line":1,"column":42}},"1":{"start":{"line":4,"column":39},"end":{"line":4,"column":47}},"2":{"start":{"line":7,"column":2},"end":{"line":10,"column":3}},"3":{"start":{"line":8,"column":4},"end":{"line":8,"column":61}},"4":{"start":{"line":9,"column":4},"end":{"line":9,"column":62}},"5":{"start":{"line":12,"column":2},"end":{"line":17,"column":3}},"6":{"start":{"line":13,"column":4},"end":{"line":13,"column":17}},"7":{"start":{"line":15,"column":4},"end":{"line":15,"column":65}},"8":{"start":{"line":16,"column":4},"end":{"line":16,"column":65}},"9":{"start":{"line":20,"column":2},"end":{"line":23,"column":3}},"10":{"start":{"line":21,"column":4},"end":{"line":21,"column":75}},"11":{"start":{"line":22,"column":4},"end":{"line":22,"column":81}},"12":{"start":{"line":26,"column":2},"end":{"line":31,"column":3}},"13":{"start":{"line":27,"column":4},"end":{"line":27,"column":84}},"14":{"start":{"line":28,"column":4},"end":{"line":30,"column":7}},"15":{"start":{"line":33,"column":2},"end":{"line":33,"column":9}},"16":{"start":{"line":36,"column":0},"end":{"line":36,"column":41}}},"fnMap":{"0":{"name":"validateUrlCreation","decl":{"start":{"line":3,"column":9},"end":{"line":3,"column":28}},"loc":{"start":{"line":3,"column":45},"end":{"line":34,"column":1}},"line":3}},"branchMap":{"0":{"loc":{"start":{"line":7,"column":2},"end":{"line":10,"column":3}},"type":"if","locations":[{"start":{"line":7,"column":2},"end":{"line":10,"column":3}},{"start":{},"end":{}}],"line":7},"1":{"loc":{"start":{"line":20,"column":2},"end":{"line":23,"column":3}},"type":"if","locations":[{"start":{"line":20,"column":2},"end":{"line":23,"column":3}},{"start":{},"end":{}}],"line":20},"2":{"loc":{"start":{"line":20,"column":6},"end":{"line":20,"column":52}},"type":"binary-expr","locations":[{"start":{"line":20,"column":6},"end":{"line":20,"column":14}},{"start":{"line":20,"column":19},"end":{"line":20,"column":34}},{"start":{"line":20,"column":38},"end":{"line":20,"column":51}}],"line":20},"3":{"loc":{"start":{"line":26,"column":2},"end":{"line":31,"column":3}},"type":"if","locations":[{"start":{"line":26,"column":2},"end":{"line":31,"column":3}},{"start":{},"end":{}}],"line":26},"4":{"loc":{"start":{"line":26,"column":6},"end":{"line":26,"column":59}},"type":"binary-expr","locations":[{"start":{"line":26,"column":6},"end":{"line":26,"column":15}},{"start":{"line":26,"column":19},"end":{"line":26,"column":59}}],"line":26}},"s":{"0":0,"1":0,"2":0,"3":0,"4":0,"5":0,"6":0,"7":0,"8":0,"9":0,"10":0,"11":0,"12":0,"13":0,"14":0,"15":0,"16":0},"f":{"0":0},"b":{"0":[0,0],"1":[0,0],"2":[0,0,0],"3":[0,0],"4":[0,0]}}
,"E:\\2294014\\url-shortener\\src\\models\\url.js": {"path":"E:\\2294014\\url-shortener\\src\\models\\url.js","statementMap":{"0":{"start":{"line":1,"column":17},"end":{"line":1,"column":36}},"1":{"start":{"line":2,"column":16},"end":{"line":2,"column":42}},"2":{"start":{"line":4,"column":18},"end":{"line":34,"column":2}},"3":{"start":{"line":10,"column":8},"end":{"line":10,"column":62}},"4":{"start":{"line":12,"column":24},"end":{"line":12,"column":60}},"5":{"start":{"line":37,"column":0},"end":{"line":39,"column":3}},"6":{"start":{"line":38,"column":2},"end":{"line":38,"column":67}},"7":{"start":{"line":41,"column":12},"end":{"line":41,"column":44}},"8":{"start":{"line":43,"column":0},"end":{"line":43,"column":21}}},"fnMap":{"0":{"name":"(anonymous_0)","decl":{"start":{"line":9,"column":17},"end":{"line":9,"column":18}},"loc":{"start":{"line":9,"column":29},"end":{"line":11,"column":7}},"line":9},"1":{"name":"(anonymous_1)","decl":{"start":{"line":12,"column":15},"end":{"line":12,"column":16}},"loc":{"start":{"line":12,"column":24},"end":{"line":12,"column":60}},"line":12},"2":{"name":"(anonymous_2)","decl":{"start":{"line":37,"column":23},"end":{"line":37,"column":24}},"loc":{"start":{"line":37,"column":37},"end":{"line":39,"column":1}},"line":37}},"branchMap":{},"s":{"0":0,"1":0,"2":0,"3":0,"4":0,"5":0,"6":0,"7":0,"8":0},"f":{"0":0,"1":0,"2":0},"b":{}}
,"E:\\2294014\\url-shortener\\src\\routes\\shorturl.js": {"path":"E:\\2294014\\url-shortener\\src\\routes\\shorturl.js","statementMap":{"0":{"start":{"line":1,"column":16},"end":{"line":1,"column":34}},"1":{"start":{"line":2,"column":15},"end":{"line":2,"column":31}},"2":{"start":{"line":3,"column":55},"end":{"line":3,"column":89}},"3":{"start":{"line":4,"column":32},"end":{"line":4,"column":68}},"4":{"start":{"line":5,"column":16},"end":{"line":5,"column":42}},"5":{"start":{"line":8,"column":0},"end":{"line":16,"column":3}},"6":{"start":{"line":9,"column":2},"end":{"line":15,"column":3}},"7":{"start":{"line":10,"column":19},"end":{"line":10,"column":49}},"8":{"start":{"line":11,"column":4},"end":{"line":11,"column":78}},"9":{"start":{"line":12,"column":4},"end":{"line":12,"column":33}},"10":{"start":{"line":14,"column":4},"end":{"line":14,"column":16}},"11":{"start":{"line":19,"column":0},"end":{"line":27,"column":3}},"12":{"start":{"line":20,"column":2},"end":{"line":26,"column":3}},"13":{"start":{"line":21,"column":16},"end":{"line":21,"column":57}},"14":{"start":{"line":22,"column":4},"end":{"line":22,"column":97}},"15":{"start":{"line":23,"column":4},"end":{"line":23,"column":34}},"16":{"start":{"line":25,"column":4},"end":{"line":25,"column":16}},"17":{"start":{"line":30,"column":0},"end":{"line":38,"column":3}},"18":{"start":{"line":31,"column":2},"end":{"line":37,"column":3}},"19":{"start":{"line":32,"column":18},"end":{"line":32,"column":57}},"20":{"start":{"line":33,"column":4},"end":{"line":33,"column":83}},"21":{"start":{"line":34,"column":4},"end":{"line":34,"column":20}},"22":{"start":{"line":36,"column":4},"end":{"line":36,"column":16}},"23":{"start":{"line":40,"column":0},"end":{"line":40,"column":24}}},"fnMap":{"0":{"name":"(anonymous_0)","decl":{"start":{"line":8,"column":38},"end":{"line":8,"column":39}},"loc":{"start":{"line":8,"column":64},"end":{"line":16,"column":1}},"line":8},"1":{"name":"(anonymous_1)","decl":{"start":{"line":19,"column":26},"end":{"line":19,"column":27}},"loc":{"start":{"line":19,"column":52},"end":{"line":27,"column":1}},"line":19},"2":{"name":"(anonymous_2)","decl":{"start":{"line":30,"column":32},"end":{"line":30,"column":33}},"loc":{"start":{"line":30,"column":58},"end":{"line":38,"column":1}},"line":30}},"branchMap":{},"s":{"0":0,"1":0,"2":0,"3":0,"4":0,"5":0,"6":0,"7":0,"8":0,"9":0,"10":0,"11":0,"12":0,"13":0,"14":0,"15":0,"16":0,"17":0,"18":0,"19":0,"20":0,"21":0,"22":0,"23":0},"f":{"0":0,"1":0,"2":0},"b":{}}
,"E:\\2294014\\url-shortener\\src\\utils\\auth.js": {"path":"E:\\2294014\\url-shortener\\src\\utils\\auth.js","statementMap":{"0":{"start":{"line":1,"column":14},"end":{"line":1,"column":30}},"1":{"start":{"line":2,"column":16},"end":{"line":2,"column":35}},"2":{"start":{"line":3,"column":50},"end":{"line":3,"column":80}},"3":{"start":{"line":6,"column":19},"end":{"line":13,"column":3}},"4":{"start":{"line":15,"column":2},"end":{"line":23,"column":3}},"5":{"start":{"line":16,"column":21},"end":{"line":16,"column":95}},"6":{"start":{"line":17,"column":18},"end":{"line":17,"column":44}},"7":{"start":{"line":18,"column":4},"end":{"line":18,"column":64}},"8":{"start":{"line":19,"column":4},"end":{"line":19,"column":17}},"9":{"start":{"line":21,"column":4},"end":{"line":21,"column":79}},"10":{"start":{"line":22,"column":4},"end":{"line":22,"column":96}},"11":{"start":{"line":26,"column":0},"end":{"line":26,"column":34}}},"fnMap":{"0":{"name":"authenticate","decl":{"start":{"line":5,"column":15},"end":{"line":5,"column":27}},"loc":{"start":{"line":5,"column":30},"end":{"line":24,"column":1}},"line":5}},"branchMap":{"0":{"loc":{"start":{"line":22,"column":46},"end":{"line":22,"column":92}},"type":"binary-expr","locations":[{"start":{"line":22,"column":46},"end":{"line":22,"column":75}},{"start":{"line":22,"column":79},"end":{"line":22,"column":92}}],"line":22}},"s":{"0":1,"1":1,"2":1,"3":4,"4":4,"5":4,"6":0,"7":0,"8":0,"9":4,"10":4,"11":1},"f":{"0":4},"b":{"0":[4,0]},"_coverageSchema":"1a1c01bbd47fc00a2c39e90264f33305004495a9","hash":"8d5314e49e1c21838d2a4e785f2d0e4ff6b70609"}
,"E:\\2294014\\url-shortener\\src\\utils\\logger.js": {"path":"E:\\2294014\\url-shortener\\src\\utils\\logger.js","statementMap":{"0":{"start":{"line":1,"column":14},"end":{"line":1,"column":30}},"1":{"start":{"line":2,"column":24},"end":{"line":2,"column":54}},"2":{"start":{"line":3,"column":16},"end":{"line":3,"column":18}},"3":{"start":{"line":5,"column":20},"end":{"line":5,"column":43}},"4":{"start":{"line":6,"column":20},"end":{"line":6,"column":63}},"5":{"start":{"line":7,"column":22},"end":{"line":11,"column":1}},"6":{"start":{"line":15,"column":2},"end":{"line":18,"column":3}},"7":{"start":{"line":16,"column":4},"end":{"line":16,"column":92}},"8":{"start":{"line":17,"column":4},"end":{"line":17,"column":11}},"9":{"start":{"line":20,"column":2},"end":{"line":34,"column":3}},"10":{"start":{"line":21,"column":4},"end":{"line":31,"column":7}},"11":{"start":{"line":33,"column":4},"end":{"line":33,"column":56}},"12":{"start":{"line":38,"column":2},"end":{"line":38,"column":20}},"13":{"start":{"line":41,"column":0},"end":{"line":41,"column":39}}},"fnMap":{"0":{"name":"log","decl":{"start":{"line":13,"column":15},"end":{"line":13,"column":18}},"loc":{"start":{"line":13,"column":55},"end":{"line":35,"column":1}},"line":13},"1":{"name":"setAuthToken","decl":{"start":{"line":37,"column":9},"end":{"line":37,"column":21}},"loc":{"start":{"line":37,"column":29},"end":{"line":39,"column":1}},"line":37}},"branchMap":{"0":{"loc":{"start":{"line":15,"column":2},"end":{"line":18,"column":3}},"type":"if","locations":[{"start":{"line":15,"column":2},"end":{"line":18,"column":3}},{"start":{},"end":{}}],"line":15},"1":{"loc":{"start":{"line":15,"column":6},"end":{"line":15,"column":106}},"type":"binary-expr","locations":[{"start":{"line":15,"column":6},"end":{"line":15,"column":34}},{"start":{"line":15,"column":38},"end":{"line":15,"column":66}},{"start":{"line":15,"column":70},"end":{"line":15,"column":106}}],"line":15}},"s":{"0":1,"1":1,"2":1,"3":1,"4":1,"5":1,"6":4,"7":0,"8":0,"9":4,"10":4,"11":3,"12":0,"13":1},"f":{"0":4,"1":0},"b":{"0":[0,4],"1":[4,4,4]},"_coverageSchema":"1a1c01bbd47fc00a2c39e90264f33305004495a9","hash":"9b1a0a8f9905e025035dc55fcfda2f23c51667bd"}
,"E:\\2294014\\url-shortener\\src\\utils\\shortcode.js": {"path":"E:\\2294014\\url-shortener\\src\\utils\\shortcode.js","statementMap":{"0":{"start":{"line":1,"column":16},"end":{"line":1,"column":35}},"1":{"start":{"line":4,"column":16},"end":{"line":4,"column":80}},"2":{"start":{"line":5,"column":15},"end":{"line":5,"column":17}},"3":{"start":{"line":7,"column":2},"end":{"line":9,"column":3}},"4":{"start":{"line":7,"column":15},"end":{"line":7,"column":16}},"5":{"start":{"line":8,"column":4},"end":{"line":8,"column":69}},"6":{"start":{"line":11,"column":2},"end":{"line":11,"column":69}},"7":{"start":{"line":12,"column":2},"end":{"line":12,"column":16}},"8":{"start":{"line":15,"column":0},"end":{"line":15,"column":39}}},"fnMap":{"0":{"name":"generateShortCode","decl":{"start":{"line":3,"column":9},"end":{"line":3,"column":26}},"loc":{"start":{"line":3,"column":39},"end":{"line":13,"column":1}},"line":3}},"branchMap":{"0":{"loc":{"start":{"line":3,"column":27},"end":{"line":3,"column":37}},"type":"default-arg","locations":[{"start":{"line":3,"column":36},"end":{"line":3,"column":37}}],"line":3}},"s":{"0":0,"1":0,"2":0,"3":0,"4":0,"5":0,"6":0,"7":0,"8":0},"f":{"0":0},"b":{"0":[0]}}
}
