TN:
SF:src\config\constants.js
FNF:0
FNH:0
DA:1,1
LF:1
LH:1
BRF:0
BRH:0
end_of_record
TN:
SF:src\controllers\shorturl.js
FN:5,createShortUrl
FN:35,redirectToUrl
FN:56,getUrlStats
FN:74,generateUniqueShortCode
FNF:4
FNH:0
FNDA:0,createShortUrl
FNDA:0,redirectToUrl
FNDA:0,getUrlStats
FNDA:0,generateUniqueShortCode
DA:1,0
DA:2,0
DA:3,0
DA:6,0
DA:9,0
DA:10,0
DA:11,0
DA:12,0
DA:13,0
DA:17,0
DA:18,0
DA:20,0
DA:27,0
DA:29,0
DA:36,0
DA:38,0
DA:39,0
DA:40,0
DA:43,0
DA:44,0
DA:45,0
DA:49,0
DA:50,0
DA:51,0
DA:53,0
DA:57,0
DA:59,0
DA:60,0
DA:61,0
DA:64,0
DA:76,0
DA:78,0
DA:79,0
DA:80,0
DA:81,0
DA:82,0
DA:83,0
DA:87,0
DA:90,0
LF:39
LH:0
BRDA:6,0,0,0
BRDA:9,1,0,0
BRDA:9,1,1,0
BRDA:11,2,0,0
BRDA:11,2,1,0
BRDA:17,3,0,0
BRDA:17,3,1,0
BRDA:30,4,0,0
BRDA:30,4,1,0
BRDA:38,5,0,0
BRDA:38,5,1,0
BRDA:43,6,0,0
BRDA:43,6,1,0
BRDA:59,7,0,0
BRDA:59,7,1,0
BRDA:66,8,0,0
BRDA:66,8,1,0
BRDA:81,9,0,0
BRDA:81,9,1,0
BRF:19
BRH:0
end_of_record
TN:
SF:src\middlewares\validation.js
FN:3,validateUrlCreation
FNF:1
FNH:0
FNDA:0,validateUrlCreation
DA:1,0
DA:4,0
DA:7,0
DA:8,0
DA:9,0
DA:12,0
DA:13,0
DA:15,0
DA:16,0
DA:20,0
DA:21,0
DA:22,0
DA:26,0
DA:27,0
DA:28,0
DA:33,0
DA:36,0
LF:17
LH:0
BRDA:7,0,0,0
BRDA:7,0,1,0
BRDA:20,1,0,0
BRDA:20,1,1,0
BRDA:20,2,0,0
BRDA:20,2,1,0
BRDA:20,2,2,0
BRDA:26,3,0,0
BRDA:26,3,1,0
BRDA:26,4,0,0
BRDA:26,4,1,0
BRF:11
BRH:0
end_of_record
TN:
SF:src\models\url.js
FN:9,(anonymous_0)
FN:12,(anonymous_1)
FN:37,(anonymous_2)
FNF:3
FNH:0
FNDA:0,(anonymous_0)
FNDA:0,(anonymous_1)
FNDA:0,(anonymous_2)
DA:1,0
DA:2,0
DA:4,0
DA:10,0
DA:12,0
DA:37,0
DA:38,0
DA:41,0
DA:43,0
LF:9
LH:0
BRF:0
BRH:0
end_of_record
TN:
SF:src\routes\shorturl.js
FN:8,(anonymous_0)
FN:19,(anonymous_1)
FN:30,(anonymous_2)
FNF:3
FNH:0
FNDA:0,(anonymous_0)
FNDA:0,(anonymous_1)
FNDA:0,(anonymous_2)
DA:1,0
DA:2,0
DA:3,0
DA:4,0
DA:5,0
DA:8,0
DA:9,0
DA:10,0
DA:11,0
DA:12,0
DA:14,0
DA:19,0
DA:20,0
DA:21,0
DA:22,0
DA:23,0
DA:25,0
DA:30,0
DA:31,0
DA:32,0
DA:33,0
DA:34,0
DA:36,0
DA:40,0
LF:24
LH:0
BRF:0
BRH:0
end_of_record
TN:
SF:src\utils\auth.js
FN:5,authenticate
FNF:1
FNH:1
FNDA:4,authenticate
DA:1,1
DA:2,1
DA:3,1
DA:6,4
DA:15,4
DA:16,4
DA:17,0
DA:18,0
DA:19,0
DA:21,4
DA:22,4
DA:26,1
LF:12
LH:9
BRDA:22,0,0,4
BRDA:22,0,1,0
BRF:2
BRH:1
end_of_record
TN:
SF:src\utils\logger.js
FN:13,log
FN:37,setAuthToken
FNF:2
FNH:1
FNDA:4,log
FNDA:0,setAuthToken
DA:1,1
DA:2,1
DA:3,1
DA:5,1
DA:6,1
DA:7,1
DA:15,4
DA:16,0
DA:17,0
DA:20,4
DA:21,4
DA:33,3
DA:38,0
DA:41,1
LF:14
LH:11
BRDA:15,0,0,0
BRDA:15,0,1,4
BRDA:15,1,0,4
BRDA:15,1,1,4
BRDA:15,1,2,4
BRF:5
BRH:4
end_of_record
TN:
SF:src\utils\shortcode.js
FN:3,generateShortCode
FNF:1
FNH:0
FNDA:0,generateShortCode
DA:1,0
DA:4,0
DA:5,0
DA:7,0
DA:8,0
DA:11,0
DA:12,0
DA:15,0
LF:8
LH:0
BRDA:3,0,0,0
BRF:1
BRH:0
end_of_record
